c:\users\jakob.mcfarland\documents\github\c_retroplus_narwhal\game\highlevelapi\x64\debug\betahigh_x64_d.pch
c:\users\jakob.mcfarland\documents\github\c_retroplus_narwhal\game\highlevelapi\lib\betahigh_x64_d.pdb
c:\users\jakob.mcfarland\documents\github\c_retroplus_narwhal\game\highlevelapi\lib\betahigh_x64_d.idb
c:\users\jakob.mcfarland\documents\github\c_retroplus_narwhal\game\highlevelapi\x64\debug\stdafx.obj
c:\users\jakob.mcfarland\documents\github\c_retroplus_narwhal\game\highlevelapi\x64\debug\space.obj
c:\users\jakob.mcfarland\documents\github\c_retroplus_narwhal\game\highlevelapi\x64\debug\soundmanager.obj
c:\users\jakob.mcfarland\documents\github\c_retroplus_narwhal\game\highlevelapi\x64\debug\serializable.obj
c:\users\jakob.mcfarland\documents\github\c_retroplus_narwhal\game\highlevelapi\x64\debug\physics.obj
c:\users\jakob.mcfarland\documents\github\c_retroplus_narwhal\game\highlevelapi\x64\debug\parser.obj
c:\users\jakob.mcfarland\documents\github\c_retroplus_narwhal\game\highlevelapi\x64\debug\meshhelper.obj
c:\users\jakob.mcfarland\documents\github\c_retroplus_narwhal\game\highlevelapi\x64\debug\matrix2dstudent.obj
c:\users\jakob.mcfarland\documents\github\c_retroplus_narwhal\game\highlevelapi\x64\debug\level.obj
c:\users\jakob.mcfarland\documents\github\c_retroplus_narwhal\game\highlevelapi\x64\debug\intersection2d.obj
c:\users\jakob.mcfarland\documents\github\c_retroplus_narwhal\game\highlevelapi\x64\debug\gameobjectmanager.obj
c:\users\jakob.mcfarland\documents\github\c_retroplus_narwhal\game\highlevelapi\x64\debug\gameobjectfactory.obj
c:\users\jakob.mcfarland\documents\github\c_retroplus_narwhal\game\highlevelapi\x64\debug\gameobject.obj
c:\users\jakob.mcfarland\documents\github\c_retroplus_narwhal\game\highlevelapi\x64\debug\component.obj
c:\users\jakob.mcfarland\documents\github\c_retroplus_narwhal\game\highlevelapi\x64\debug\collidertilemap.obj
c:\users\jakob.mcfarland\documents\github\c_retroplus_narwhal\game\highlevelapi\x64\debug\colliderrectangle.obj
c:\users\jakob.mcfarland\documents\github\c_retroplus_narwhal\game\highlevelapi\x64\debug\colliderpoint.obj
c:\users\jakob.mcfarland\documents\github\c_retroplus_narwhal\game\highlevelapi\x64\debug\colliderline.obj
c:\users\jakob.mcfarland\documents\github\c_retroplus_narwhal\game\highlevelapi\x64\debug\collidercircle.obj
c:\users\jakob.mcfarland\documents\github\c_retroplus_narwhal\game\highlevelapi\x64\debug\collider.obj
c:\users\jakob.mcfarland\documents\github\c_retroplus_narwhal\game\highlevelapi\x64\debug\animation.obj
c:\users\jakob.mcfarland\documents\github\c_retroplus_narwhal\game\highlevelapi\x64\debug\transform.obj
c:\users\jakob.mcfarland\documents\github\c_retroplus_narwhal\game\highlevelapi\x64\debug\tilemap.obj
c:\users\jakob.mcfarland\documents\github\c_retroplus_narwhal\game\highlevelapi\x64\debug\spritetilemap.obj
c:\users\jakob.mcfarland\documents\github\c_retroplus_narwhal\game\highlevelapi\x64\debug\spritesource.obj
c:\users\jakob.mcfarland\documents\github\c_retroplus_narwhal\game\highlevelapi\x64\debug\sprite.obj
c:\users\jakob.mcfarland\documents\github\c_retroplus_narwhal\game\highlevelapi\lib\betahigh_x64_d.lib
c:\users\jakob.mcfarland\documents\github\c_retroplus_narwhal\game\highlevelapi\x64\debug\gameobjectmanager.obj.enc
c:\users\jakob.mcfarland\documents\github\c_retroplus_narwhal\game\highlevelapi\\lib\betahigh_x64_d.pdb
c:\users\jakob.mcfarland\documents\github\c_retroplus_narwhal\game\highlevelapi\\lib\betahigh_x64_d.lib
c:\users\jakob.mcfarland\documents\github\c_retroplus_narwhal\game\highlevelapi\x64\debug\highlevelapi.tlog\cl.command.1.tlog
c:\users\jakob.mcfarland\documents\github\c_retroplus_narwhal\game\highlevelapi\x64\debug\highlevelapi.tlog\cl.read.1.tlog
c:\users\jakob.mcfarland\documents\github\c_retroplus_narwhal\game\highlevelapi\x64\debug\highlevelapi.tlog\cl.write.1.tlog
c:\users\jakob.mcfarland\documents\github\c_retroplus_narwhal\game\highlevelapi\x64\debug\highlevelapi.tlog\lib-link.read.1.tlog
c:\users\jakob.mcfarland\documents\github\c_retroplus_narwhal\game\highlevelapi\x64\debug\highlevelapi.tlog\lib-link.write.1.tlog
c:\users\jakob.mcfarland\documents\github\c_retroplus_narwhal\game\highlevelapi\x64\debug\highlevelapi.tlog\lib.command.1.tlog
