c:\users\jakob.mcfarland\documents\github\c_retroplus_narwhal\game\x64\debug\betaframework.pch
c:\users\jakob.mcfarland\documents\github\c_retroplus_narwhal\game\x64\debug\vc141.pdb
c:\users\jakob.mcfarland\documents\github\c_retroplus_narwhal\game\x64\debug\vc141.idb
c:\users\jakob.mcfarland\documents\github\c_retroplus_narwhal\game\x64\debug\stdafx.obj
c:\users\jakob.mcfarland\documents\github\c_retroplus_narwhal\game\x64\debug\timeddeath.obj
c:\users\jakob.mcfarland\documents\github\c_retroplus_narwhal\game\x64\debug\screenwrap.obj
c:\users\jakob.mcfarland\documents\github\c_retroplus_narwhal\game\x64\debug\registers.obj
c:\users\jakob.mcfarland\documents\github\c_retroplus_narwhal\game\x64\debug\main.obj
c:\users\jakob.mcfarland\documents\github\c_retroplus_narwhal\game\x64\debug\level3.obj
c:\users\jakob.mcfarland\documents\github\c_retroplus_narwhal\game\x64\debug\omega.obj
c:\users\jakob.mcfarland\documents\github\c_retroplus_narwhal\game\x64\debug\asteroid.obj
c:\users\jakob.mcfarland\documents\github\c_retroplus_narwhal\game\x64\debug\level1.obj
c:\users\jakob.mcfarland\documents\github\c_retroplus_narwhal\game\x64\debug\level2.obj
c:\users\jakob.mcfarland\documents\github\c_retroplus_narwhal\game\x64\debug\colorchange.obj
c:\users\jakob.mcfarland\documents\github\c_retroplus_narwhal\game\x64\debug\archetypes.obj
c:\users\jakob.mcfarland\documents\github\c_retroplus_narwhal\game\x64\debug\monkeymovement.obj
c:\users\jakob.mcfarland\documents\github\c_retroplus_narwhal\game\x64\debug\playership.obj
c:\users\jakob.mcfarland\documents\github\c_retroplus_narwhal\game\x64\debug\playerprojectile.obj
c:\users\jakob.mcfarland\documents\github\c_retroplus_narwhal\game\x64\debug\betaframework.ilk
c:\users\jakob.mcfarland\documents\github\c_retroplus_narwhal\game\x64\debug\betaframework.exe
c:\users\jakob.mcfarland\documents\github\c_retroplus_narwhal\game\x64\debug\betaframework.pdb
c:\users\jakob.mcfarland\documents\github\c_retroplus_narwhal\game\x64\debug\betalow_x64_d.pdb
c:\users\jakob.mcfarland\documents\github\c_retroplus_narwhal\game\\x64\debug\betaframework.pdb
c:\users\jakob.mcfarland\documents\github\c_retroplus_narwhal\game\\x64\debug\betaframework.exe
c:\users\jakob.mcfarland\documents\github\c_retroplus_narwhal\game\\x64\debug\betaframework.ilk
c:\users\jakob.mcfarland\documents\github\c_retroplus_narwhal\game\x64\debug\cs230project5.tlog\cl.command.1.tlog
c:\users\jakob.mcfarland\documents\github\c_retroplus_narwhal\game\x64\debug\cs230project5.tlog\cl.read.1.tlog
c:\users\jakob.mcfarland\documents\github\c_retroplus_narwhal\game\x64\debug\cs230project5.tlog\cl.write.1.tlog
c:\users\jakob.mcfarland\documents\github\c_retroplus_narwhal\game\x64\debug\cs230project5.tlog\link.command.1.tlog
c:\users\jakob.mcfarland\documents\github\c_retroplus_narwhal\game\x64\debug\cs230project5.tlog\link.read.1.tlog
c:\users\jakob.mcfarland\documents\github\c_retroplus_narwhal\game\x64\debug\cs230project5.tlog\link.write.1.tlog
